<?xml version="1.0" encoding="UTF-8" ?>
<testsuite errors="0" failures="0" hostname="Titanium" name="org.netbeans.modules.compapp.catd.ConfiguredTest" skipped="0" tests="1" time="1.122" timestamp="2016-11-14T10:40:01">
  <properties>
[...]
</properties>
  <testcase classname="org.netbeans.modules.compapp.catd.ConfiguredTest" name="TestCase1" time="1.105" />
  <system-out><![CDATA[GenerateATSOutput=${generate.ats.output}
NetBeansUserDir=/home/mcfallen/.openesb_studio/3.1.0-SNAPSHOT
ServerPassword=admin
awt.toolkit=sun.awt.X11.XToolkit
file.encoding=UTF-8
file.encoding.pkg=sun.io
file.separator=/
inDebug=${inDebug}
java.awt.graphicsenv=sun.awt.X11GraphicsEnvironment
java.awt.headless=${java.awt.headless}
java.awt.printerjob=sun.print.PSPrinterJob
java.class.path=/home/mcfallen/Software/OpenESB-SE-3.0.5/OE-Studio/netbeans/soa/modules/org-netbeans-modules-compapp-manager-jbi.jar:/home/mcfallen/Software/OpenESB-SE-3.0.5/OE-Studio/netbeans/soa/modules/org-netbeans-modules-compapp-projects-jbi.jar:/home/mcfallen/Software/OpenESB-SE-3.0.5/OE-Studio/netbeans/soa/modules/ext/jbi-admin-common.jar:/home/mcfallen/Software/OpenESB-SE-3.0.5/OE-Studio/netbeans/soa/modules/ext/catd.jar:/home/mcfallen/Software/OpenESB-SE-3.0.5/OE-Studio/netbeans/java/modules/ext/junit-3.8.2.jar:/home/mcfallen/Software/OpenESB-SE-3.0.5/OE-Studio/netbeans/java/modules/ext/jaxws22/api/saaj-api.jar:/home/mcfallen/Software/OpenESB-SE-3.0.5/OE-Studio/netbeans/java/modules/ext/jaxws22/saaj-impl.jar:/home/mcfallen/Software/OpenESB-SE-3.0.5/OE-Studio/netbeans/java/modules/ext/jaxws22/FastInfoset.jar:/home/mcfallen/Software/OpenESB-SE-3.0.5/OE-Studio/netbeans/ide/modules/org-netbeans-modules-editor-lib.jar:/home/mcfallen/Software/OpenESB-SE-3.0.5/OE-Studio/netbeans/ide/modules/org-netbeans-modules-editor.jar:/home/mcfallen/Software/OpenESB-SE-3.0.5/OE-Studio/netbeans/ide/modules/org-netbeans-modules-editor-deprecated-pre65formatting.jar:/home/mcfallen/Software/OpenESB-SE-3.0.5/OE-Studio/netbeans/ide/modules/org-netbeans-modules-editor-util.jar:/home/mcfallen/Software/OpenESB-SE-3.0.5/OE-Studio/netbeans/ide/modules/org-netbeans-modules-editor-lib2.jar:/home/mcfallen/Software/OpenESB-SE-3.0.5/OE-Studio/netbeans/ide/modules/org-netbeans-modules-editor-indent.jar:/home/mcfallen/Software/OpenESB-SE-3.0.5/OE-Studio/netbeans/ide/modules/org-netbeans-modules-editor-plain.jar:/home/mcfallen/Software/OpenESB-SE-3.0.5/OE-Studio/netbeans/ide/modules/org-netbeans-modules-editor-plain-lib.jar:/home/mcfallen/Software/OpenESB-SE-3.0.5/OE-Studio/netbeans/ide/modules/org-netbeans-modules-editor-settings.jar:/home/mcfallen/Software/OpenESB-SE-3.0.5/OE-Studio/netbeans/ide/modules/org-netbeans-modules-editor-settings-storage.jar:/home/mcfallen/Software/OpenESB-SE-3.0.5/OE-Studio/netbeans/ide/modules/org-netbeans-modules-lexer.jar:/home/mcfallen/Software/OpenESB-SE-3.0.5/OE-Studio/netbeans/ide/modules/org-netbeans-modules-xml-core.jar:/home/mcfallen/Software/OpenESB-SE-3.0.5/OE-Studio/netbeans/ide/modules/org-netbeans-modules-xml-lexer.jar:/home/mcfallen/Software/OpenESB-SE-3.0.5/OE-Studio/netbeans/ide/modules/org-netbeans-modules-xml-text.jar:/home/mcfallen/Software/OpenESB-SE-3.0.5/OE-Studio/netbeans/ide/modules/org-netbeans-modules-xml-xdm.jar:/home/mcfallen/Software/OpenESB-SE-3.0.5/OE-Studio/netbeans/ide/modules/org-netbeans-modules-xml-xam.jar:/home/mcfallen/Software/OpenESB-SE-3.0.5/OE-Studio/netbeans/ide/modules/org-netbeans-modules-csl-api.jar:/home/mcfallen/Software/OpenESB-SE-3.0.5/OE-Studio/netbeans/ide/modules/ext/jaxb/activation.jar:/home/mcfallen/Software/OpenESB-SE-3.0.5/OE-Studio/netbeans/platform/lib/org-openide-modules.jar:/home/mcfallen/Software/OpenESB-SE-3.0.5/OE-Studio/netbeans/platform/lib/org-openide-util.jar:/home/mcfallen/Software/OpenESB-SE-3.0.5/OE-Studio/netbeans/platform/lib/org-openide-util-lookup.jar:/home/mcfallen/Software/OpenESB-SE-3.0.5/OE-Studio/netbeans/platform/modules/org-openide-awt.jar:/home/mcfallen/Software/OpenESB-SE-3.0.5/OE-Studio/netbeans/platform/modules/org-openide-options.jar:/home/mcfallen/Software/OpenESB-SE-3.0.5/OE-Studio/netbeans/platform/modules/org-openide-text.jar:/home/mcfallen/Software/OpenESB-SE-3.0.5/OE-Studio/netbeans/platform/modules/org-openide-loaders.jar:/home/mcfallen/Software/OpenESB-SE-3.0.5/OE-Studio/netbeans/platform/modules/org-openide-nodes.jar:/home/mcfallen/Software/OpenESB-SE-3.0.5/OE-Studio/netbeans/platform/modules/org-netbeans-modules-editor-mimelookup.jar:/home/mcfallen/Software/OpenESB-SE-3.0.5/OE-Studio/netbeans/platform/modules/org-netbeans-modules-editor-mimelookup-impl.jar:/home/mcfallen/Software/OpenESB-SE-3.0.5/OE-Studio/netbeans/platform/core/org-openide-filesystems.jar:/home/mcfallen/Software/OpenESB-SE-3.0.5/OE-Studio/netbeans/platform/modules/org-netbeans-modules-keyring.jar:/home/mcfallen/Software/OpenESB-SE-3.0.5/OE-Studio/netbeans/platform/modules/org-openide-dialogs.jar:/home/mcfallen/Software/OpenESB-SE-3.0.5/OE-Studio/netbeans/extide/ant/lib/ant-launcher.jar:/home/mcfallen/Software/OpenESB-SE-3.0.5/OE-Studio/netbeans/extide/ant/lib/ant.jar:/home/mcfallen/Software/OpenESB-SE-3.0.5/OE-Studio/netbeans/extide/ant/lib/ant-junit.jar:/home/mcfallen/Software/OpenESB-SE-3.0.5/OE-Studio/netbeans/extide/ant/lib/ant-junit4.jar
java.class.version=51.0
java.endorsed.dirs=/usr/lib/jvm/java-7-openjdk-amd64/jre/lib/endorsed
java.ext.dirs=/usr/lib/jvm/java-7-openjdk-amd64/jre/lib/ext:/usr/java/packages/lib/ext
java.home=/usr/lib/jvm/java-7-openjdk-amd64/jre
java.io.tmpdir=/tmp
java.library.path=/usr/lib/jvm/java-7-openjdk-amd64/bin/../jre/lib/amd64:/usr/lib/jvm/java-7-openjdk-amd64/bin/../jre/lib/i386::/usr/java/packages/lib/amd64:/usr/lib/x86_64-linux-gnu/jni:/lib/x86_64-linux-gnu:/usr/lib/x86_64-linux-gnu:/usr/lib/jni:/lib:/usr/lib
java.runtime.name=OpenJDK Runtime Environment
java.runtime.version=1.7.0_111-b01
java.specification.name=Java Platform API Specification
java.specification.vendor=Oracle Corporation
java.specification.version=1.7
java.vendor=Oracle Corporation
java.vendor.url=http://java.oracle.com/
java.vendor.url.bug=http://bugreport.sun.com/bugreport/
java.version=1.7.0_111
java.vm.info=mixed mode
java.vm.name=OpenJDK 64-Bit Server VM
java.vm.specification.name=Java Virtual Machine Specification
java.vm.specification.vendor=Oracle Corporation
java.vm.specification.version=1.7
java.vm.vendor=Oracle Corporation
java.vm.version=24.111-b01
line.separator=

org.netbeans.modules.compapp.catd.context=
os.arch=amd64
os.name=Linux
os.version=3.16.0-38-generic
path.separator=:
sun.arch.data.model=64
sun.boot.class.path=/usr/lib/jvm/java-7-openjdk-amd64/jre/lib/resources.jar:/usr/lib/jvm/java-7-openjdk-amd64/jre/lib/rt.jar:/usr/lib/jvm/java-7-openjdk-amd64/jre/lib/sunrsasign.jar:/usr/lib/jvm/java-7-openjdk-amd64/jre/lib/jsse.jar:/usr/lib/jvm/java-7-openjdk-amd64/jre/lib/jce.jar:/usr/lib/jvm/java-7-openjdk-amd64/jre/lib/charsets.jar:/usr/lib/jvm/java-7-openjdk-amd64/jre/lib/rhino.jar:/usr/lib/jvm/java-7-openjdk-amd64/jre/lib/jfr.jar:/usr/lib/jvm/java-7-openjdk-amd64/jre/classes
sun.boot.library.path=/usr/lib/jvm/java-7-openjdk-amd64/jre/lib/amd64
sun.cpu.endian=little
sun.cpu.isalist=
sun.io.unicode.encoding=UnicodeLittle
sun.java.command=org.apache.tools.ant.taskdefs.optional.junit.JUnitTestRunner org.netbeans.modules.compapp.catd.ConfiguredTest skipNonTests=false filtertrace=true haltOnError=false haltOnFailure=false showoutput=true outputtoformatters=true logfailedtests=true threadid=0 logtestlistenerevents=true formatter=org.apache.tools.ant.taskdefs.optional.junit.BriefJUnitResultFormatter formatter=org.apache.tools.ant.taskdefs.optional.junit.XMLJUnitResultFormatter,/home/mcfallen/Desktop/DTU/software-development-of-web-services/bpel/HelloWorldCA/test/results/TEST-org.netbeans.modules.compapp.catd.ConfiguredTest.xml crashfile=/tmp/junitvmwatcher2947747830434687643.properties propsfile=/tmp/junit3947387915530694881.properties
sun.java.launcher=SUN_STANDARD
sun.jnu.encoding=UTF-8
sun.management.compiler=HotSpot 64-Bit Tiered Compilers
sun.os.patch.level=unknown
user.country=US
user.dir=/home/mcfallen/Desktop/DTU/software-development-of-web-services/bpel/HelloWorldCA
user.home=/root
user.language=en
user.name=root
user.timezone=Europe/Copenhagen
Test TestCase1\Concurrent.properties Passed. Threads count Success: <1> Error: <0> Not completed: <0>
]]></system-out>
  <system-err><![CDATA[]]></system-err>
</testsuite>
